#
# There is insufficient memory for the Java Runtime Environment to continue.
# Native memory allocation (mmap) failed to map 65536 bytes for Failed to commit metaspace.
# Possible reasons:
#   The system is out of physical RAM or swap space
#   The process is running with CompressedOops enabled, and the Java Heap may be blocking the growth of the native heap
# Possible solutions:
#   Reduce memory load on the system
#   Increase physical memory or swap space
#   Check if swap backing store is full
#   Decrease Java heap size (-Xmx/-Xms)
#   Decrease number of Java threads
#   Decrease Java thread stack sizes (-Xss)
#   Set larger code cache with -XX:ReservedCodeCacheSize=
#   JVM is running with Unscaled Compressed Oops mode in which the Java heap is
#     placed in the first 4GB address space. The Java Heap base address is the
#     maximum limit for the native heap growth. Please use -XX:HeapBaseMinAddress
#     to set the Java Heap base and to place the Java Heap above 4GB virtual address.
# This output file may be truncated or incomplete.
#
#  Out of Memory Error (virtualSpaceNode.cpp:110), pid=4420, tid=17280
#
# JRE version: Java(TM) SE Runtime Environment (20.0.2+9) (build 20.0.2+9-78)
# Java VM: Java HotSpot(TM) 64-Bit Server VM (20.0.2+9-78, mixed mode, tiered, compressed oops, compressed class ptrs, g1 gc, windows-amd64)
# No core dump will be written. Minidumps are not enabled by default on client versions of Windows
#

---------------  S U M M A R Y ------------

Command Line: --enable-preview -XX:+ShowCodeDetailsInExceptionMessages BoardPrint

Host: AMD Ryzen 5 3500U with Radeon Vega Mobile Gfx  , 8 cores, 6G,  Windows 10 , 64 bit Build 19041 (10.0.19041.3570)
Time: Thu Nov  9 12:51:12 2023 GMT Standard Time elapsed time: 0.089206 seconds (0d 0h 0m 0s)

---------------  T H R E A D  ---------------

Current thread (0x000001616684a130):  JavaThread "main" [_thread_in_vm, id=17280, stack(0x0000005616800000,0x0000005616900000)]

Stack: [0x0000005616800000,0x0000005616900000]
Native frames: (J=compiled Java code, j=interpreted, Vv=VM code, C=native code)
V  [jvm.dll+0x6bc25a]
V  [jvm.dll+0x84971a]
V  [jvm.dll+0x84b315]
V  [jvm.dll+0x84ba13]
V  [jvm.dll+0x280e4f]
V  [jvm.dll+0x84565b]
V  [jvm.dll+0x660616]
V  [jvm.dll+0x66067a]
V  [jvm.dll+0x662f53]
V  [jvm.dll+0x662e1e]
V  [jvm.dll+0x66102e]
V  [jvm.dll+0x66b6a7]
V  [jvm.dll+0x21b712]
V  [jvm.dll+0x21bc45]
V  [jvm.dll+0x21c631]
V  [jvm.dll+0x211a50]
V  [jvm.dll+0x59c7cc]
V  [jvm.dll+0x22303a]
V  [jvm.dll+0x7c38c4]
V  [jvm.dll+0x7c4a0f]
V  [jvm.dll+0x7c4fbf]
V  [jvm.dll+0x7c4c68]
V  [jvm.dll+0x2705bb]
V  [jvm.dll+0x2707df]
V  [jvm.dll+0x5be3f8]
V  [jvm.dll+0x5c1357]
V  [jvm.dll+0x3dc520]
V  [jvm.dll+0x3dbb5f]
C  0x0000016175e8ea00

Java frames: (J=compiled Java code, j=interpreted, Vv=VM code)
j  jdk.internal.module.SystemModuleFinders$SystemModuleFinder.find(Ljava/lang/String;)Ljava/util/Optional;+18 java.base
j  jdk.internal.module.ModuleBootstrap.boot2()Ljava/lang/ModuleLayer;+292 java.base
j  jdk.internal.module.ModuleBootstrap.boot()Ljava/lang/ModuleLayer;+64 java.base
j  java.lang.System.initPhase2(ZZ)I+0 java.base
v  ~StubRoutines::call_stub 0x0000016175e6100d

---------------  P R O C E S S  ---------------

Threads class SMR info:
_java_thread_list=0x000001617f16ad30, length=9, elements={
0x000001616684a130, 0x000001617f16d710, 0x000001617f16e6b0, 0x0000016107d4c750,
0x0000016107d4f0a0, 0x0000016107d305b0, 0x0000016107d30ca0, 0x0000016107d32da0,
0x0000016107d33720
}

Java Threads: ( => current thread )
=>0x000001616684a130 JavaThread "main" [_thread_in_vm, id=17280, stack(0x0000005616800000,0x0000005616900000)]
  0x000001617f16d710 JavaThread "Reference Handler" daemon [_thread_blocked, id=2300, stack(0x0000005616f00000,0x0000005617000000)]
  0x000001617f16e6b0 JavaThread "Finalizer" daemon [_thread_blocked, id=16008, stack(0x0000005617000000,0x0000005617100000)]
  0x0000016107d4c750 JavaThread "Signal Dispatcher" daemon [_thread_blocked, id=13808, stack(0x0000005617100000,0x0000005617200000)]
  0x0000016107d4f0a0 JavaThread "Attach Listener" daemon [_thread_blocked, id=13776, stack(0x0000005617200000,0x0000005617300000)]
  0x0000016107d305b0 JavaThread "Service Thread" daemon [_thread_blocked, id=12592, stack(0x0000005617300000,0x0000005617400000)]
  0x0000016107d30ca0 JavaThread "Monitor Deflation Thread" daemon [_thread_blocked, id=5924, stack(0x0000005617400000,0x0000005617500000)]
  0x0000016107d32da0 JavaThread "C2 CompilerThread0" daemon [_thread_blocked, id=14000, stack(0x0000005617500000,0x0000005617600000)]
  0x0000016107d33720 JavaThread "C1 CompilerThread0" daemon [_thread_blocked, id=15292, stack(0x0000005617600000,0x0000005617700000)]

Other Threads:
  0x000001617f146930 VMThread "VM Thread" [stack: 0x0000005616e00000,0x0000005616f00000] [id=6896]
  0x00000161668a2480 WorkerThread "GC Thread#0" [stack: 0x0000005616900000,0x0000005616a00000] [id=17096]
  0x00000161668b2340 ConcurrentGCThread "G1 Main Marker" [stack: 0x0000005616a00000,0x0000005616b00000] [id=324]
  0x00000161668b3510 WorkerThread "G1 Conc#0" [stack: 0x0000005616b00000,0x0000005616c00000] [id=4780]
  0x000001616691e200 ConcurrentGCThread "G1 Refine#0" [stack: 0x0000005616c00000,0x0000005616d00000] [id=9192]
  0x000001616691eca0 ConcurrentGCThread "G1 Service" [stack: 0x0000005616d00000,0x0000005616e00000] [id=11332]

Threads with active compile tasks:

VM state: not at safepoint (normal execution)

VM Mutex/Monitor currently owned by a thread:  ([mutex/lock_event])
[0x00000161668335a0] Metaspace_lock - owner thread: 0x000001616684a130

Heap address: 0x0000000091000000, size: 1776 MB, Compressed Oops mode: 32-bit

CDS archive(s) not mapped
Compressed class space mapped at: 0x0000000100000000-0x0000000140000000, reserved size: 1073741824
Narrow klass base: 0x0000000000000000, Narrow klass shift: 3, Narrow klass range: 0x140000000

GC Precious Log:
 CardTable entry size: 512
 Card Set container configuration: InlinePtr #cards 5 size 8 Array Of Cards #cards 12 size 40 Howl #buckets 4 coarsen threshold 1843 Howl Bitmap #cards 512 size 80 coarsen threshold 460 Card regions per heap region 1 cards per card region 2048
 CPUs: 8 total, 8 available
 Memory: 7103M
 Large Page Support: Disabled
 NUMA Support: Disabled
 Compressed Oops: Enabled (32-bit)
 Heap Region Size: 1M
 Heap Min Capacity: 8M
 Heap Initial Capacity: 112M
 Heap Max Capacity: 1776M
 Pre-touch: Disabled
 Parallel Workers: 8
 Concurrent Workers: 2
 Concurrent Refinement Workers: 8
 Periodic GC: Disabled

Heap:
 garbage-first heap   total 114688K, used 0K [0x0000000091000000, 0x0000000100000000)
  region size 1024K, 1 young (1024K), 0 survivors (0K)
 Metaspace       used 3462K, committed 3520K, reserved 1114112K
  class space    used 262K, committed 320K, reserved 1048576K

Heap Regions: E=young(eden), S=young(survivor), O=old, HS=humongous(starts), HC=humongous(continues), CS=collection set, F=free, OA=open archive, CA=closed archive, TAMS=top-at-mark-start, PB=parsable bottom
|   0|0x0000000091000000, 0x0000000091000000, 0x0000000091100000|  0%| F|  |TAMS 0x0000000091000000| PB 0x0000000091000000| Untracked 
|   1|0x0000000091100000, 0x0000000091100000, 0x0000000091200000|  0%| F|  |TAMS 0x0000000091100000| PB 0x0000000091100000| Untracked 
|   2|0x0000000091200000, 0x0000000091200000, 0x0000000091300000|  0%| F|  |TAMS 0x0000000091200000| PB 0x0000000091200000| Untracked 
|   3|0x0000000091300000, 0x0000000091300000, 0x0000000091400000|  0%| F|  |TAMS 0x0000000091300000| PB 0x0000000091300000| Untracked 
|   4|0x0000000091400000, 0x0000000091400000, 0x0000000091500000|  0%| F|  |TAMS 0x0000000091400000| PB 0x0000000091400000| Untracked 
|   5|0x0000000091500000, 0x0000000091500000, 0x0000000091600000|  0%| F|  |TAMS 0x0000000091500000| PB 0x0000000091500000| Untracked 
|   6|0x0000000091600000, 0x0000000091600000, 0x0000000091700000|  0%| F|  |TAMS 0x0000000091600000| PB 0x0000000091600000| Untracked 
|   7|0x0000000091700000, 0x0000000091700000, 0x0000000091800000|  0%| F|  |TAMS 0x0000000091700000| PB 0x0000000091700000| Untracked 
|   8|0x0000000091800000, 0x0000000091800000, 0x0000000091900000|  0%| F|  |TAMS 0x0000000091800000| PB 0x0000000091800000| Untracked 
|   9|0x0000000091900000, 0x0000000091900000, 0x0000000091a00000|  0%| F|  |TAMS 0x0000000091900000| PB 0x0000000091900000| Untracked 
|  10|0x0000000091a00000, 0x0000000091a00000, 0x0000000091b00000|  0%| F|  |TAMS 0x0000000091a00000| PB 0x0000000091a00000| Untracked 
|  11|0x0000000091b00000, 0x0000000091b00000, 0x0000000091c00000|  0%| F|  |TAMS 0x0000000091b00000| PB 0x0000000091b00000| Untracked 
|  12|0x0000000091c00000, 0x0000000091c00000, 0x0000000091d00000|  0%| F|  |TAMS 0x0000000091c00000| PB 0x0000000091c00000| Untracked 
|  13|0x0000000091d00000, 0x0000000091d00000, 0x0000000091e00000|  0%| F|  |TAMS 0x0000000091d00000| PB 0x0000000091d00000| Untracked 
|  14|0x0000000091e00000, 0x0000000091e00000, 0x0000000091f00000|  0%| F|  |TAMS 0x0000000091e00000| PB 0x0000000091e00000| Untracked 
|  15|0x0000000091f00000, 0x0000000091f00000, 0x0000000092000000|  0%| F|  |TAMS 0x0000000091f00000| PB 0x0000000091f00000| Untracked 
|  16|0x0000000092000000, 0x0000000092000000, 0x0000000092100000|  0%| F|  |TAMS 0x0000000092000000| PB 0x0000000092000000| Untracked 
|  17|0x0000000092100000, 0x0000000092100000, 0x0000000092200000|  0%| F|  |TAMS 0x0000000092100000| PB 0x0000000092100000| Untracked 
|  18|0x0000000092200000, 0x0000000092200000, 0x0000000092300000|  0%| F|  |TAMS 0x0000000092200000| PB 0x0000000092200000| Untracked 
|  19|0x0000000092300000, 0x0000000092300000, 0x0000000092400000|  0%| F|  |TAMS 0x0000000092300000| PB 0x0000000092300000| Untracked 
|  20|0x0000000092400000, 0x0000000092400000, 0x0000000092500000|  0%| F|  |TAMS 0x0000000092400000| PB 0x0000000092400000| Untracked 
|  21|0x0000000092500000, 0x0000000092500000, 0x0000000092600000|  0%| F|  |TAMS 0x0000000092500000| PB 0x0000000092500000| Untracked 
|  22|0x0000000092600000, 0x0000000092600000, 0x0000000092700000|  0%| F|  |TAMS 0x0000000092600000| PB 0x0000000092600000| Untracked 
|  23|0x0000000092700000, 0x0000000092700000, 0x0000000092800000|  0%| F|  |TAMS 0x0000000092700000| PB 0x0000000092700000| Untracked 
|  24|0x0000000092800000, 0x0000000092800000, 0x0000000092900000|  0%| F|  |TAMS 0x0000000092800000| PB 0x0000000092800000| Untracked 
|  25|0x0000000092900000, 0x0000000092900000, 0x0000000092a00000|  0%| F|  |TAMS 0x0000000092900000| PB 0x0000000092900000| Untracked 
|  26|0x0000000092a00000, 0x0000000092a00000, 0x0000000092b00000|  0%| F|  |TAMS 0x0000000092a00000| PB 0x0000000092a00000| Untracked 
|  27|0x0000000092b00000, 0x0000000092b00000, 0x0000000092c00000|  0%| F|  |TAMS 0x0000000092b00000| PB 0x0000000092b00000| Untracked 
|  28|0x0000000092c00000, 0x0000000092c00000, 0x0000000092d00000|  0%| F|  |TAMS 0x0000000092c00000| PB 0x0000000092c00000| Untracked 
|  29|0x0000000092d00000, 0x0000000092d00000, 0x0000000092e00000|  0%| F|  |TAMS 0x0000000092d00000| PB 0x0000000092d00000| Untracked 
|  30|0x0000000092e00000, 0x0000000092e00000, 0x0000000092f00000|  0%| F|  |TAMS 0x0000000092e00000| PB 0x0000000092e00000| Untracked 
|  31|0x0000000092f00000, 0x0000000092f00000, 0x0000000093000000|  0%| F|  |TAMS 0x0000000092f00000| PB 0x0000000092f00000| Untracked 
|  32|0x0000000093000000, 0x0000000093000000, 0x0000000093100000|  0%| F|  |TAMS 0x0000000093000000| PB 0x0000000093000000| Untracked 
|  33|0x0000000093100000, 0x0000000093100000, 0x0000000093200000|  0%| F|  |TAMS 0x0000000093100000| PB 0x0000000093100000| Untracked 
|  34|0x0000000093200000, 0x0000000093200000, 0x0000000093300000|  0%| F|  |TAMS 0x0000000093200000| PB 0x0000000093200000| Untracked 
|  35|0x0000000093300000, 0x0000000093300000, 0x0000000093400000|  0%| F|  |TAMS 0x0000000093300000| PB 0x0000000093300000| Untracked 
|  36|0x0000000093400000, 0x0000000093400000, 0x0000000093500000|  0%| F|  |TAMS 0x0000000093400000| PB 0x0000000093400000| Untracked 
|  37|0x0000000093500000, 0x0000000093500000, 0x0000000093600000|  0%| F|  |TAMS 0x0000000093500000| PB 0x0000000093500000| Untracked 
|  38|0x0000000093600000, 0x0000000093600000, 0x0000000093700000|  0%| F|  |TAMS 0x0000000093600000| PB 0x0000000093600000| Untracked 
|  39|0x0000000093700000, 0x0000000093700000, 0x0000000093800000|  0%| F|  |TAMS 0x0000000093700000| PB 0x0000000093700000| Untracked 
|  40|0x0000000093800000, 0x0000000093800000, 0x0000000093900000|  0%| F|  |TAMS 0x0000000093800000| PB 0x0000000093800000| Untracked 
|  41|0x0000000093900000, 0x0000000093900000, 0x0000000093a00000|  0%| F|  |TAMS 0x0000000093900000| PB 0x0000000093900000| Untracked 
|  42|0x0000000093a00000, 0x0000000093a00000, 0x0000000093b00000|  0%| F|  |TAMS 0x0000000093a00000| PB 0x0000000093a00000| Untracked 
|  43|0x0000000093b00000, 0x0000000093b00000, 0x0000000093c00000|  0%| F|  |TAMS 0x0000000093b00000| PB 0x0000000093b00000| Untracked 
|  44|0x0000000093c00000, 0x0000000093c00000, 0x0000000093d00000|  0%| F|  |TAMS 0x0000000093c00000| PB 0x0000000093c00000| Untracked 
|  45|0x0000000093d00000, 0x0000000093d00000, 0x0000000093e00000|  0%| F|  |TAMS 0x0000000093d00000| PB 0x0000000093d00000| Untracked 
|  46|0x0000000093e00000, 0x0000000093e00000, 0x0000000093f00000|  0%| F|  |TAMS 0x0000000093e00000| PB 0x0000000093e00000| Untracked 
|  47|0x0000000093f00000, 0x0000000093f00000, 0x0000000094000000|  0%| F|  |TAMS 0x0000000093f00000| PB 0x0000000093f00000| Untracked 
|  48|0x0000000094000000, 0x0000000094000000, 0x0000000094100000|  0%| F|  |TAMS 0x0000000094000000| PB 0x0000000094000000| Untracked 
|  49|0x0000000094100000, 0x0000000094100000, 0x0000000094200000|  0%| F|  |TAMS 0x0000000094100000| PB 0x0000000094100000| Untracked 
|  50|0x0000000094200000, 0x0000000094200000, 0x0000000094300000|  0%| F|  |TAMS 0x0000000094200000| PB 0x0000000094200000| Untracked 
|  51|0x0000000094300000, 0x0000000094300000, 0x0000000094400000|  0%| F|  |TAMS 0x0000000094300000| PB 0x0000000094300000| Untracked 
|  52|0x0000000094400000, 0x0000000094400000, 0x0000000094500000|  0%| F|  |TAMS 0x0000000094400000| PB 0x0000000094400000| Untracked 
|  53|0x0000000094500000, 0x0000000094500000, 0x0000000094600000|  0%| F|  |TAMS 0x0000000094500000| PB 0x0000000094500000| Untracked 
|  54|0x0000000094600000, 0x0000000094600000, 0x0000000094700000|  0%| F|  |TAMS 0x0000000094600000| PB 0x0000000094600000| Untracked 
|  55|0x0000000094700000, 0x0000000094700000, 0x0000000094800000|  0%| F|  |TAMS 0x0000000094700000| PB 0x0000000094700000| Untracked 
|  56|0x0000000094800000, 0x0000000094800000, 0x0000000094900000|  0%| F|  |TAMS 0x0000000094800000| PB 0x0000000094800000| Untracked 
|  57|0x0000000094900000, 0x0000000094900000, 0x0000000094a00000|  0%| F|  |TAMS 0x0000000094900000| PB 0x0000000094900000| Untracked 
|  58|0x0000000094a00000, 0x0000000094a00000, 0x0000000094b00000|  0%| F|  |TAMS 0x0000000094a00000| PB 0x0000000094a00000| Untracked 
|  59|0x0000000094b00000, 0x0000000094b00000, 0x0000000094c00000|  0%| F|  |TAMS 0x0000000094b00000| PB 0x0000000094b00000| Untracked 
|  60|0x0000000094c00000, 0x0000000094c00000, 0x0000000094d00000|  0%| F|  |TAMS 0x0000000094c00000| PB 0x0000000094c00000| Untracked 
|  61|0x0000000094d00000, 0x0000000094d00000, 0x0000000094e00000|  0%| F|  |TAMS 0x0000000094d00000| PB 0x0000000094d00000| Untracked 
|  62|0x0000000094e00000, 0x0000000094e00000, 0x0000000094f00000|  0%| F|  |TAMS 0x0000000094e00000| PB 0x0000000094e00000| Untracked 
|  63|0x0000000094f00000, 0x0000000094f00000, 0x0000000095000000|  0%| F|  |TAMS 0x0000000094f00000| PB 0x0000000094f00000| Untracked 
|  64|0x0000000095000000, 0x0000000095000000, 0x0000000095100000|  0%| F|  |TAMS 0x0000000095000000| PB 0x0000000095000000| Untracked 
|  65|0x0000000095100000, 0x0000000095100000, 0x0000000095200000|  0%| F|  |TAMS 0x0000000095100000| PB 0x0000000095100000| Untracked 
|  66|0x0000000095200000, 0x0000000095200000, 0x0000000095300000|  0%| F|  |TAMS 0x0000000095200000| PB 0x0000000095200000| Untracked 
|  67|0x0000000095300000, 0x0000000095300000, 0x0000000095400000|  0%| F|  |TAMS 0x0000000095300000| PB 0x0000000095300000| Untracked 
|  68|0x0000000095400000, 0x0000000095400000, 0x0000000095500000|  0%| F|  |TAMS 0x0000000095400000| PB 0x0000000095400000| Untracked 
|  69|0x0000000095500000, 0x0000000095500000, 0x0000000095600000|  0%| F|  |TAMS 0x0000000095500000| PB 0x0000000095500000| Untracked 
|  70|0x0000000095600000, 0x0000000095600000, 0x0000000095700000|  0%| F|  |TAMS 0x0000000095600000| PB 0x0000000095600000| Untracked 
|  71|0x0000000095700000, 0x0000000095700000, 0x0000000095800000|  0%| F|  |TAMS 0x0000000095700000| PB 0x0000000095700000| Untracked 
|  72|0x0000000095800000, 0x0000000095800000, 0x0000000095900000|  0%| F|  |TAMS 0x0000000095800000| PB 0x0000000095800000| Untracked 
|  73|0x0000000095900000, 0x0000000095900000, 0x0000000095a00000|  0%| F|  |TAMS 0x0000000095900000| PB 0x0000000095900000| Untracked 
|  74|0x0000000095a00000, 0x0000000095a00000, 0x0000000095b00000|  0%| F|  |TAMS 0x0000000095a00000| PB 0x0000000095a00000| Untracked 
|  75|0x0000000095b00000, 0x0000000095b00000, 0x0000000095c00000|  0%| F|  |TAMS 0x0000000095b00000| PB 0x0000000095b00000| Untracked 
|  76|0x0000000095c00000, 0x0000000095c00000, 0x0000000095d00000|  0%| F|  |TAMS 0x0000000095c00000| PB 0x0000000095c00000| Untracked 
|  77|0x0000000095d00000, 0x0000000095d00000, 0x0000000095e00000|  0%| F|  |TAMS 0x0000000095d00000| PB 0x0000000095d00000| Untracked 
|  78|0x0000000095e00000, 0x0000000095e00000, 0x0000000095f00000|  0%| F|  |TAMS 0x0000000095e00000| PB 0x0000000095e00000| Untracked 
|  79|0x0000000095f00000, 0x0000000095f00000, 0x0000000096000000|  0%| F|  |TAMS 0x0000000095f00000| PB 0x0000000095f00000| Untracked 
|  80|0x0000000096000000, 0x0000000096000000, 0x0000000096100000|  0%| F|  |TAMS 0x0000000096000000| PB 0x0000000096000000| Untracked 
|  81|0x0000000096100000, 0x0000000096100000, 0x0000000096200000|  0%| F|  |TAMS 0x0000000096100000| PB 0x0000000096100000| Untracked 
|  82|0x0000000096200000, 0x0000000096200000, 0x0000000096300000|  0%| F|  |TAMS 0x0000000096200000| PB 0x0000000096200000| Untracked 
|  83|0x0000000096300000, 0x0000000096300000, 0x0000000096400000|  0%| F|  |TAMS 0x0000000096300000| PB 0x0000000096300000| Untracked 
|  84|0x0000000096400000, 0x0000000096400000, 0x0000000096500000|  0%| F|  |TAMS 0x0000000096400000| PB 0x0000000096400000| Untracked 
|  85|0x0000000096500000, 0x0000000096500000, 0x0000000096600000|  0%| F|  |TAMS 0x0000000096500000| PB 0x0000000096500000| Untracked 
|  86|0x0000000096600000, 0x0000000096600000, 0x0000000096700000|  0%| F|  |TAMS 0x0000000096600000| PB 0x0000000096600000| Untracked 
|  87|0x0000000096700000, 0x0000000096700000, 0x0000000096800000|  0%| F|  |TAMS 0x0000000096700000| PB 0x0000000096700000| Untracked 
|  88|0x0000000096800000, 0x0000000096800000, 0x0000000096900000|  0%| F|  |TAMS 0x0000000096800000| PB 0x0000000096800000| Untracked 
|  89|0x0000000096900000, 0x0000000096900000, 0x0000000096a00000|  0%| F|  |TAMS 0x0000000096900000| PB 0x0000000096900000| Untracked 
|  90|0x0000000096a00000, 0x0000000096a00000, 0x0000000096b00000|  0%| F|  |TAMS 0x0000000096a00000| PB 0x0000000096a00000| Untracked 
|  91|0x0000000096b00000, 0x0000000096b00000, 0x0000000096c00000|  0%| F|  |TAMS 0x0000000096b00000| PB 0x0000000096b00000| Untracked 
|  92|0x0000000096c00000, 0x0000000096c00000, 0x0000000096d00000|  0%| F|  |TAMS 0x0000000096c00000| PB 0x0000000096c00000| Untracked 
|  93|0x0000000096d00000, 0x0000000096d00000, 0x0000000096e00000|  0%| F|  |TAMS 0x0000000096d00000| PB 0x0000000096d00000| Untracked 
|  94|0x0000000096e00000, 0x0000000096e00000, 0x0000000096f00000|  0%| F|  |TAMS 0x0000000096e00000| PB 0x0000000096e00000| Untracked 
|  95|0x0000000096f00000, 0x0000000096f00000, 0x0000000097000000|  0%| F|  |TAMS 0x0000000096f00000| PB 0x0000000096f00000| Untracked 
|  96|0x0000000097000000, 0x0000000097000000, 0x0000000097100000|  0%| F|  |TAMS 0x0000000097000000| PB 0x0000000097000000| Untracked 
|  97|0x0000000097100000, 0x0000000097100000, 0x0000000097200000|  0%| F|  |TAMS 0x0000000097100000| PB 0x0000000097100000| Untracked 
|  98|0x0000000097200000, 0x0000000097200000, 0x0000000097300000|  0%| F|  |TAMS 0x0000000097200000| PB 0x0000000097200000| Untracked 
|  99|0x0000000097300000, 0x0000000097300000, 0x0000000097400000|  0%| F|  |TAMS 0x0000000097300000| PB 0x0000000097300000| Untracked 
| 100|0x0000000097400000, 0x0000000097400000, 0x0000000097500000|  0%| F|  |TAMS 0x0000000097400000| PB 0x0000000097400000| Untracked 
| 101|0x0000000097500000, 0x0000000097500000, 0x0000000097600000|  0%| F|  |TAMS 0x0000000097500000| PB 0x0000000097500000| Untracked 
| 102|0x0000000097600000, 0x0000000097600000, 0x0000000097700000|  0%| F|  |TAMS 0x0000000097600000| PB 0x0000000097600000| Untracked 
| 103|0x0000000097700000, 0x0000000097700000, 0x0000000097800000|  0%| F|  |TAMS 0x0000000097700000| PB 0x0000000097700000| Untracked 
| 104|0x0000000097800000, 0x0000000097800000, 0x0000000097900000|  0%| F|  |TAMS 0x0000000097800000| PB 0x0000000097800000| Untracked 
| 105|0x0000000097900000, 0x0000000097900000, 0x0000000097a00000|  0%| F|  |TAMS 0x0000000097900000| PB 0x0000000097900000| Untracked 
| 106|0x0000000097a00000, 0x0000000097a00000, 0x0000000097b00000|  0%| F|  |TAMS 0x0000000097a00000| PB 0x0000000097a00000| Untracked 
| 107|0x0000000097b00000, 0x0000000097b00000, 0x0000000097c00000|  0%| F|  |TAMS 0x0000000097b00000| PB 0x0000000097b00000| Untracked 
| 108|0x0000000097c00000, 0x0000000097c00000, 0x0000000097d00000|  0%| F|  |TAMS 0x0000000097c00000| PB 0x0000000097c00000| Untracked 
| 109|0x0000000097d00000, 0x0000000097d00000, 0x0000000097e00000|  0%| F|  |TAMS 0x0000000097d00000| PB 0x0000000097d00000| Untracked 
| 110|0x0000000097e00000, 0x0000000097e00000, 0x0000000097f00000|  0%| F|  |TAMS 0x0000000097e00000| PB 0x0000000097e00000| Untracked 
| 111|0x0000000097f00000, 0x0000000098000000, 0x0000000098000000|100%| E|  |TAMS 0x0000000097f00000| PB 0x0000000097f00000| Complete 

Card table byte_map: [0x000001617dfe0000,0x000001617e360000] _byte_map_base: 0x000001617db58000

Marking Bits: (CMBitMap*) 0x00000161668a3ac0
 Bits: [0x0000016100000000, 0x0000016101bc0000)

Polling page: 0x0000016166020000

Metaspace:

Usage:
  Non-class:      3.12 MB used.
      Class:    262.99 KB used.
       Both:      3.38 MB used.

Virtual space:
  Non-class space:       64.00 MB reserved,       3.12 MB (  5%) committed,  1 nodes.
      Class space:        1.00 GB reserved,     320.00 KB ( <1%) committed,  1 nodes.
             Both:        1.06 GB reserved,       3.44 MB ( <1%) committed. 

Chunk freelists:
   Non-Class:  0 bytes
       Class:  3.62 MB
        Both:  3.62 MB

MaxMetaspaceSize: unlimited
CompressedClassSpaceSize: 1.00 GB
Initial GC threshold: 21.00 MB
Current GC threshold: 21.00 MB
CDS: off
MetaspaceReclaimPolicy: balanced
 - commit_granule_bytes: 65536.
 - commit_granule_words: 8192.
 - virtual_space_node_default_size: 8388608.
 - enlarge_chunks_in_place: 1.
 - new_chunks_are_fully_committed: 0.
 - uncommit_free_chunks: 1.
 - use_allocation_guard: 0.


Internal statistics:

num_allocs_failed_limit: 0.
num_arena_births: 2.
num_arena_deaths: 0.
num_vsnodes_births: 2.
num_vsnodes_deaths: 0.
num_space_committed: 55.
num_space_uncommitted: 0.
num_chunks_returned_to_freelist: 0.
num_chunks_taken_from_freelist: 4.
num_chunk_merges: 0.
num_chunk_splits: 1.
num_chunks_enlarged: 0.
num_inconsistent_stats: 0.

CodeHeap 'non-profiled nmethods': size=120000Kb used=3Kb max_used=3Kb free=119996Kb
 bounds [0x0000016176400000, 0x0000016176670000, 0x000001617d930000]
CodeHeap 'profiled nmethods': size=120000Kb used=30Kb max_used=30Kb free=119969Kb
 bounds [0x000001616e930000, 0x000001616eba0000, 0x0000016175e60000]
CodeHeap 'non-nmethods': size=5760Kb used=1212Kb max_used=1226Kb free=4547Kb
 bounds [0x0000016175e60000, 0x00000161760d0000, 0x0000016176400000]
 total_blobs=309 nmethods=26 adapters=194
 compilation: enabled
              stopped_count=0, restarted_count=0
 full_count=0

Compilation events (20 events):
Event: 0.082 Thread 0x0000016107d33720   17       3       java.util.Objects::requireNonNull (14 bytes)
Event: 0.083 Thread 0x0000016107d33720 nmethod 17 0x000001616e934a10 code [0x000001616e934ba0, 0x000001616e934d90]
Event: 0.083 Thread 0x0000016107d33720   18       3       java.util.AbstractCollection::<init> (5 bytes)
Event: 0.083 Thread 0x0000016107d33720 nmethod 18 0x000001616e934e90 code [0x000001616e935020, 0x000001616e935188]
Event: 0.083 Thread 0x0000016107d33720   19       3       java.util.ImmutableCollections$AbstractImmutableCollection::<init> (5 bytes)
Event: 0.083 Thread 0x0000016107d33720 nmethod 19 0x000001616e935290 code [0x000001616e935420, 0x000001616e9355e8]
Event: 0.083 Thread 0x0000016107d33720   20       3       java.util.ImmutableCollections$AbstractImmutableSet::<init> (5 bytes)
Event: 0.083 Thread 0x0000016107d33720 nmethod 20 0x000001616e935710 code [0x000001616e9358a0, 0x000001616e935ac8]
Event: 0.083 Thread 0x0000016107d33720   21       3       java.lang.module.ModuleDescriptor::modsHashCode (43 bytes)
Event: 0.083 Thread 0x0000016107d33720 nmethod 21 0x000001616e935c10 code [0x000001616e935e00, 0x000001616e936338]
Event: 0.083 Thread 0x0000016107d33720   22       3       java.util.Set::of (68 bytes)
Event: 0.084 Thread 0x0000016107d33720 nmethod 22 0x000001616e936510 code [0x000001616e936740, 0x000001616e936f40]
Event: 0.084 Thread 0x0000016107d33720   23       3       java.lang.String::coder (15 bytes)
Event: 0.084 Thread 0x0000016107d33720 nmethod 23 0x000001616e937210 code [0x000001616e9373a0, 0x000001616e9374d8]
Event: 0.084 Thread 0x0000016107d33720   24       3       java.lang.String::length (11 bytes)
Event: 0.084 Thread 0x0000016107d33720 nmethod 24 0x000001616e937590 code [0x000001616e937720, 0x000001616e9378c0]
Event: 0.084 Thread 0x0000016107d33720   25       1       java.lang.module.ModuleDescriptor::name (5 bytes)
Event: 0.085 Thread 0x0000016107d33720 nmethod 25 0x0000016176400010 code [0x0000016176400180, 0x0000016176400248]
Event: 0.085 Thread 0x0000016107d33720   26       1       java.lang.module.ModuleReference::descriptor (5 bytes)
Event: 0.085 Thread 0x0000016107d33720 nmethod 26 0x0000016176400310 code [0x0000016176400480, 0x0000016176400548]

GC Heap History (0 events):
No events

Dll operation events (2 events):
Event: 0.009 Loaded shared library C:\Program Files\Java\jdk-20\bin\java.dll
Event: 0.040 Loaded shared library C:\Program Files\Java\jdk-20\bin\jsvml.dll

Deoptimization events (0 events):
No events

Classes loaded (20 events):
Event: 0.084 Loading class java/util/Collections$UnmodifiableMap done
Event: 0.084 Loading class jdk/internal/module/ModuleResolution
Event: 0.084 Loading class jdk/internal/module/ModuleResolution done
Event: 0.084 Loading class java/lang/module/ModuleReference
Event: 0.084 Loading class java/lang/module/ModuleReference done
Event: 0.084 Loading class jdk/internal/module/SystemModuleFinders$2
Event: 0.084 Loading class java/util/function/Supplier
Event: 0.084 Loading class java/util/function/Supplier done
Event: 0.084 Loading class jdk/internal/module/SystemModuleFinders$2 done
Event: 0.084 Loading class jdk/internal/module/ModuleReferenceImpl
Event: 0.084 Loading class jdk/internal/module/ModuleReferenceImpl done
Event: 0.084 Loading class jdk/internal/module/SystemModuleFinders$3
Event: 0.084 Loading class jdk/internal/module/ModuleHashes$HashSupplier
Event: 0.084 Loading class jdk/internal/module/ModuleHashes$HashSupplier done
Event: 0.084 Loading class jdk/internal/module/SystemModuleFinders$3 done
Event: 0.084 Loading class jdk/internal/module/SystemModuleFinders$SystemModuleFinder
Event: 0.084 Loading class java/lang/module/ModuleFinder
Event: 0.085 Loading class java/lang/module/ModuleFinder done
Event: 0.085 Loading class jdk/internal/module/SystemModuleFinders$SystemModuleFinder done
Event: 0.085 Loading class java/util/Optional

Classes unloaded (0 events):
No events

Classes redefined (0 events):
No events

Internal exceptions (0 events):
No events

VM Operations (0 events):
No events

Events (9 events):
Event: 0.040 Thread 0x000001616684a130 Thread added: 0x000001616684a130
Event: 0.069 Thread 0x000001617f16d710 Thread added: 0x000001617f16d710
Event: 0.069 Thread 0x000001617f16e6b0 Thread added: 0x000001617f16e6b0
Event: 0.070 Thread 0x0000016107d4c750 Thread added: 0x0000016107d4c750
Event: 0.070 Thread 0x0000016107d4f0a0 Thread added: 0x0000016107d4f0a0
Event: 0.070 Thread 0x0000016107d305b0 Thread added: 0x0000016107d305b0
Event: 0.070 Thread 0x0000016107d30ca0 Thread added: 0x0000016107d30ca0
Event: 0.070 Thread 0x0000016107d32da0 Thread added: 0x0000016107d32da0
Event: 0.070 Thread 0x0000016107d33720 Thread added: 0x0000016107d33720


Dynamic libraries:
0x00007ff64f710000 - 0x00007ff64f720000 	C:\Program Files\Java\jdk-20\bin\java.exe
0x00007ff8a9230000 - 0x00007ff8a9427000 	C:\WINDOWS\SYSTEM32\ntdll.dll
0x00007ff8a8fa0000 - 0x00007ff8a905d000 	C:\WINDOWS\System32\KERNEL32.DLL
0x00007ff8a6e40000 - 0x00007ff8a7136000 	C:\WINDOWS\System32\KERNELBASE.dll
0x00007ff8a6990000 - 0x00007ff8a6a90000 	C:\WINDOWS\System32\ucrtbase.dll
0x00007ff89fef0000 - 0x00007ff89ff09000 	C:\Program Files\Java\jdk-20\bin\jli.dll
0x00007ff8957f0000 - 0x00007ff89580b000 	C:\Program Files\Java\jdk-20\bin\VCRUNTIME140.dll
0x00007ff8a7a80000 - 0x00007ff8a7b2e000 	C:\WINDOWS\System32\ADVAPI32.dll
0x00007ff8a87b0000 - 0x00007ff8a884e000 	C:\WINDOWS\System32\msvcrt.dll
0x00007ff8a7930000 - 0x00007ff8a79cc000 	C:\WINDOWS\System32\sechost.dll
0x00007ff8a7800000 - 0x00007ff8a7926000 	C:\WINDOWS\System32\RPCRT4.dll
0x00007ff8a8540000 - 0x00007ff8a86de000 	C:\WINDOWS\System32\USER32.dll
0x00007ff8a6bf0000 - 0x00007ff8a6c12000 	C:\WINDOWS\System32\win32u.dll
0x00007ff898fb0000 - 0x00007ff89924a000 	C:\WINDOWS\WinSxS\amd64_microsoft.windows.common-controls_6595b64144ccf1df_6.0.19041.3570_none_60bb2a3971f3e41a\COMCTL32.dll
0x00007ff8a7b30000 - 0x00007ff8a7b5c000 	C:\WINDOWS\System32\GDI32.dll
0x00007ff8a6c20000 - 0x00007ff8a6d3a000 	C:\WINDOWS\System32\gdi32full.dll
0x00007ff8a7140000 - 0x00007ff8a71dd000 	C:\WINDOWS\System32\msvcp_win.dll
0x00007ff89c600000 - 0x00007ff89c60a000 	C:\WINDOWS\SYSTEM32\VERSION.dll
0x00007ff8a7290000 - 0x00007ff8a72c0000 	C:\WINDOWS\System32\IMM32.DLL
0x00007ff8a1a90000 - 0x00007ff8a1a9c000 	C:\Program Files\Java\jdk-20\bin\vcruntime140_1.dll
0x00007ff891b80000 - 0x00007ff891c0e000 	C:\Program Files\Java\jdk-20\bin\msvcp140.dll
0x00007ff86c670000 - 0x00007ff86d308000 	C:\Program Files\Java\jdk-20\bin\server\jvm.dll
0x00007ff885430000 - 0x00007ff885439000 	C:\WINDOWS\SYSTEM32\WSOCK32.dll
0x00007ff89c610000 - 0x00007ff89c637000 	C:\WINDOWS\SYSTEM32\WINMM.dll
0x00007ff8a8f30000 - 0x00007ff8a8f9b000 	C:\WINDOWS\System32\WS2_32.dll
0x00007ff8a5190000 - 0x00007ff8a51a2000 	C:\WINDOWS\SYSTEM32\kernel.appcore.dll
0x00007ff898de0000 - 0x00007ff898dea000 	C:\Program Files\Java\jdk-20\bin\jimage.dll
0x00007ff8a49a0000 - 0x00007ff8a4b84000 	C:\WINDOWS\SYSTEM32\DBGHELP.DLL
0x00007ff896c10000 - 0x00007ff896c44000 	C:\WINDOWS\SYSTEM32\dbgcore.DLL
0x00007ff8a6db0000 - 0x00007ff8a6e32000 	C:\WINDOWS\System32\bcryptPrimitives.dll
0x00007ff893e10000 - 0x00007ff893e36000 	C:\Program Files\Java\jdk-20\bin\java.dll
0x00007ff891aa0000 - 0x00007ff891b77000 	C:\Program Files\Java\jdk-20\bin\jsvml.dll
0x00007ff8a7b60000 - 0x00007ff8a82a4000 	C:\WINDOWS\System32\SHELL32.dll
0x00007ff8a4130000 - 0x00007ff8a48cb000 	C:\WINDOWS\SYSTEM32\windows.storage.dll
0x00007ff8a7340000 - 0x00007ff8a7694000 	C:\WINDOWS\System32\combase.dll
0x00007ff8a6280000 - 0x00007ff8a62ad000 	C:\WINDOWS\SYSTEM32\Wldp.dll
0x00007ff8a8850000 - 0x00007ff8a88fd000 	C:\WINDOWS\System32\SHCORE.dll
0x00007ff8a9060000 - 0x00007ff8a90b5000 	C:\WINDOWS\System32\shlwapi.dll
0x00007ff8a6840000 - 0x00007ff8a6865000 	C:\WINDOWS\SYSTEM32\profapi.dll

dbghelp: loaded successfully - version: 4.0.5 - missing functions: none
symbol engine: initialized successfully - sym options: 0x614 - pdb path: .;C:\Program Files\Java\jdk-20\bin;C:\WINDOWS\SYSTEM32;C:\WINDOWS\WinSxS\amd64_microsoft.windows.common-controls_6595b64144ccf1df_6.0.19041.3570_none_60bb2a3971f3e41a;C:\Program Files\Java\jdk-20\bin\server

VM Arguments:
jvm_args: --enable-preview -XX:+ShowCodeDetailsInExceptionMessages 
java_command: BoardPrint
java_class_path (initial): C:\Users\Harvey Norman\AppData\Roaming\Code\User\workspaceStorage\7c520deb7893d4828bd6216c96fb4128\redhat.java\jdt_ws\N-A_Backgammon_9636d898\bin
Launcher Type: SUN_STANDARD

[Global flags]
     intx CICompilerCount                          = 4                                         {product} {ergonomic}
     uint ConcGCThreads                            = 2                                         {product} {ergonomic}
     uint G1ConcRefinementThreads                  = 8                                         {product} {ergonomic}
   size_t G1HeapRegionSize                         = 1048576                                   {product} {ergonomic}
    uintx GCDrainStackTargetSize                   = 64                                        {product} {ergonomic}
   size_t InitialHeapSize                          = 117440512                                 {product} {ergonomic}
   size_t MarkStackSize                            = 4194304                                   {product} {ergonomic}
   size_t MaxHeapSize                              = 1862270976                                {product} {ergonomic}
   size_t MaxNewSize                               = 1116733440                                {product} {ergonomic}
   size_t MinHeapDeltaBytes                        = 1048576                                   {product} {ergonomic}
   size_t MinHeapSize                              = 8388608                                   {product} {ergonomic}
    uintx NonNMethodCodeHeapSize                   = 5839372                                {pd product} {ergonomic}
    uintx NonProfiledCodeHeapSize                  = 122909434                              {pd product} {ergonomic}
    uintx ProfiledCodeHeapSize                     = 122909434                              {pd product} {ergonomic}
    uintx ReservedCodeCacheSize                    = 251658240                              {pd product} {ergonomic}
     bool SegmentedCodeCache                       = true                                      {product} {ergonomic}
     bool ShowCodeDetailsInExceptionMessages       = true                                   {manageable} {command line}
   size_t SoftMaxHeapSize                          = 1862270976                             {manageable} {ergonomic}
     bool UseCompressedClassPointers               = true                           {product lp64_product} {ergonomic}
     bool UseCompressedOops                        = true                           {product lp64_product} {ergonomic}
     bool UseG1GC                                  = true                                      {product} {ergonomic}
     bool UseLargePagesIndividualAllocation        = false                                  {pd product} {ergonomic}

Logging:
Log output configuration:
 #0: stdout all=warning uptime,level,tags foldmultilines=false
 #1: stderr all=off uptime,level,tags foldmultilines=false

Environment Variables:
PATH=C:\Program Files\Common Files\Oracle\Java\javapath;C:\WINDOWS\system32;C:\WINDOWS;C:\WINDOWS\System32\Wbem;C:\WINDOWS\System32\WindowsPowerShell\v1.0\;C:\WINDOWS\System32\OpenSSH\;C:\Program Files\MATLAB\R2022b\bin;C:\Program Files\Git\cmd;C:\Users\Harvey Norman\AppData\Local\Microsoft\WindowsApps;C:\Program Files\JetBrains\CLion 2021.2.2\bin;;C:\Users\Harvey Norman\AppData\Local\Programs\Microsoft VS Code\bin;C:\Users\Harvey Norman\AppData\Local\GitHubDesktop\bin
USERNAME=Harvey Norman
LANG=en_US.UTF-8
OS=Windows_NT
PROCESSOR_IDENTIFIER=AMD64 Family 23 Model 24 Stepping 1, AuthenticAMD
TMP=C:\Users\HARVEY~1\AppData\Local\Temp
TEMP=C:\Users\HARVEY~1\AppData\Local\Temp




---------------  S Y S T E M  ---------------

OS:
 Windows 10 , 64 bit Build 19041 (10.0.19041.3570)
OS uptime: 2 days 19:52 hours

CPU: total 8 (initial active 8) (8 cores per cpu, 2 threads per core) family 23 model 24 stepping 1 microcode 0x0, cx8, cmov, fxsr, ht, mmx, 3dnowpref, sse, sse2, sse3, ssse3, sse4a, sse4.1, sse4.2, popcnt, lzcnt, tsc, tscinvbit, avx, avx2, aes, clmul, bmi1, bmi2, adx, sha, fma, vzeroupper, clflush, clflushopt, rdtscp, f16c

Memory: 4k page, system-wide physical 7103M (1535M free)
TotalPageFile size 7103M (AvailPageFile size 4M)
current process WorkingSet (physical memory assigned to process): 24M, peak: 24M
current process commit charge ("private bytes"): 182M, peak: 187M

vm_info: Java HotSpot(TM) 64-Bit Server VM (20.0.2+9-78) for windows-amd64 JRE (20.0.2+9-78), built on 2023-06-14T10:08:48Z by "mach5one" with MS VC++ 17.1 (VS2022)

END.
